/*C1*/SET SCHEMA SYSTEM_LOBS
INSERT INTO BLOCKS VALUES(0,2147483647,0)
COMMIT
/*C2*/SET SCHEMA PUBLIC
drop table if exists artist CASCADE 
drop table if exists users CASCADE 
create table artist (id bigint generated by default as identity (start with 1), debut_year integer, gender varchar(255) not null, name varchar(255) not null, admin_id bigint, primary key (id))
create table users (id bigint generated by default as identity (start with 1), password varchar(255) not null, userrole integer not null, username varchar(255) not null, primary key (id))
alter table artist add constraint UK_r03a96lqhsb7djq2tn4rq60vn unique (name)
alter table artist add constraint FKi88fjpvt6h968mgtcbf0y4jgu foreign key (admin_id) references users
DISCONNECT
/*C3*/SET SCHEMA PUBLIC
DISCONNECT
/*C4*/SET SCHEMA PUBLIC
DISCONNECT
/*C5*/SET SCHEMA PUBLIC
DISCONNECT
/*C6*/SET SCHEMA PUBLIC
DISCONNECT
/*C7*/SET SCHEMA PUBLIC
DISCONNECT
/*C8*/SET SCHEMA PUBLIC
DISCONNECT
/*C9*/SET SCHEMA PUBLIC
DISCONNECT
/*C10*/SET SCHEMA PUBLIC
DISCONNECT
/*C11*/SET SCHEMA PUBLIC
DISCONNECT
